Using pre-set license
Built from '2021.2/staging' branch; Version is '2021.2.10f1 (ee872746220e) revision 15632167'; Using compiler version '192829333'; Build Type 'Release'
OS: 'Windows 10  (10.0.19044) 64bit Core' Language: 'en' Physical Memory: 16250 MB
BatchMode: 1, IsHumanControllingUs: 0, StartBugReporterOnCrash: 0, Is64bit: 1, IsPro: 0

COMMAND LINE ARGUMENTS:
E:\Programmes\2021.2.10f1\Editor\Unity.exe
-adb2
-batchMode
-noUpm
-name
AssetImportWorker0
-projectPath
E:/Good Stuff/MyGames/NeotavernTatsumaki/Experiments/PixelCrushersDialogueSystem
-logFile
Logs/AssetImportWorker0.log
-srvPort
1071
Successfully changed project path to: E:/Good Stuff/MyGames/NeotavernTatsumaki/Experiments/PixelCrushersDialogueSystem
E:/Good Stuff/MyGames/NeotavernTatsumaki/Experiments/PixelCrushersDialogueSystem
[UnityMemory] Configuration Parameters - Can be set up in boot.config
    "memorysetup-bucket-allocator-granularity=16"
    "memorysetup-bucket-allocator-bucket-count=8"
    "memorysetup-bucket-allocator-block-size=33554432"
    "memorysetup-bucket-allocator-block-count=8"
    "memorysetup-main-allocator-block-size=16777216"
    "memorysetup-thread-allocator-block-size=16777216"
    "memorysetup-gfx-main-allocator-block-size=16777216"
    "memorysetup-gfx-thread-allocator-block-size=16777216"
    "memorysetup-cache-allocator-block-size=4194304"
    "memorysetup-typetree-allocator-block-size=2097152"
    "memorysetup-profiler-bucket-allocator-granularity=16"
    "memorysetup-profiler-bucket-allocator-bucket-count=8"
    "memorysetup-profiler-bucket-allocator-block-size=33554432"
    "memorysetup-profiler-bucket-allocator-block-count=8"
    "memorysetup-profiler-allocator-block-size=16777216"
    "memorysetup-profiler-editor-allocator-block-size=1048576"
    "memorysetup-temp-allocator-size-main=16777216"
    "memorysetup-job-temp-allocator-block-size=2097152"
    "memorysetup-job-temp-allocator-block-size-background=1048576"
    "memorysetup-job-temp-allocator-reduction-small-platforms=262144"
    "memorysetup-temp-allocator-size-background-worker=32768"
    "memorysetup-temp-allocator-size-job-worker=262144"
    "memorysetup-temp-allocator-size-preload-manager=33554432"
    "memorysetup-temp-allocator-size-nav-mesh-worker=65536"
    "memorysetup-temp-allocator-size-audio-worker=65536"
    "memorysetup-temp-allocator-size-cloud-worker=32768"
    "memorysetup-temp-allocator-size-gi-baking-worker=262144"
    "memorysetup-temp-allocator-size-gfx=262144"
Refreshing native plugins compatible for Editor in 41.71 ms, found 2 plugins.
Preloading 0 native plugins for Editor in 0.00 ms.
Initialize engine version: 2021.2.10f1 (ee872746220e)
[Subsystems] Discovering subsystems at path E:/Programmes/2021.2.10f1/Editor/Data/Resources/UnitySubsystems
[Subsystems] Discovering subsystems at path E:/Good Stuff/MyGames/NeotavernTatsumaki/Experiments/PixelCrushersDialogueSystem/Assets
GfxDevice: creating device client; threaded=0; jobified=0
Direct3D:
    Version:  Direct3D 11.0 [level 11.1]
    Renderer: NVIDIA GeForce RTX 2070 (ID=0x1f02)
    Vendor:   NVIDIA
    VRAM:     8031 MB
    Driver:   27.21.14.6079
Initialize mono
Mono path[0] = 'E:/Programmes/2021.2.10f1/Editor/Data/Managed'
Mono path[1] = 'E:/Programmes/2021.2.10f1/Editor/Data/MonoBleedingEdge/lib/mono/unityjit-win32'
Mono config path = 'E:/Programmes/2021.2.10f1/Editor/Data/MonoBleedingEdge/etc'
Using monoOptions --debugger-agent=transport=dt_socket,embedding=1,server=y,suspend=n,address=127.0.0.1:56308
Begin MonoManager ReloadAssembly
Registering precompiled unity dll's ...
Register platform support module: E:/Programmes/2021.2.10f1/Editor/Data/PlaybackEngines/WindowsStandaloneSupport/UnityEditor.WindowsStandalone.Extensions.dll
Registered in 0.003334 seconds.
Native extension for WindowsStandalone target not found
Refreshing native plugins compatible for Editor in 49.25 ms, found 2 plugins.
Preloading 0 native plugins for Editor in 0.00 ms.
Mono: successfully reloaded assembly
- Completed reload, in  0.486 seconds
Domain Reload Profiling:
	ReloadAssembly (486ms)
		BeginReloadAssembly (61ms)
			ExecutionOrderSort (0ms)
			DisableScriptedObjects (0ms)
			BackupInstance (0ms)
			ReleaseScriptingObjects (0ms)
			CreateAndSetChildDomain (1ms)
		EndReloadAssembly (360ms)
			LoadAssemblies (60ms)
			RebuildTransferFunctionScriptingTraits (0ms)
			SetupTypeCache (84ms)
			ReleaseScriptCaches (0ms)
			RebuildScriptCaches (32ms)
			SetupLoadedEditorAssemblies (205ms)
				LogAssemblyErrors (0ms)
				InitializePlatformSupportModulesInManaged (12ms)
				SetLoadedEditorAssemblies (0ms)
				RefreshPlugins (49ms)
				BeforeProcessingInitializeOnLoad (1ms)
				ProcessInitializeOnLoadAttributes (103ms)
				ProcessInitializeOnLoadMethodAttributes (38ms)
				AfterProcessingInitializeOnLoad (0ms)
				EditorAssembliesLoaded (0ms)
			ExecutionOrderSort2 (0ms)
			AwakeInstancesAfterBackupRestoration (0ms)
Platform modules already initialized, skipping
Registering precompiled user dll's ...
Registered in 0.002590 seconds.
Begin MonoManager ReloadAssembly
Native extension for WindowsStandalone target not found
Refreshing native plugins compatible for Editor in 0.39 ms, found 2 plugins.
Preloading 0 native plugins for Editor in 0.00 ms.
Mono: successfully reloaded assembly
- Completed reload, in  0.702 seconds
Domain Reload Profiling:
	ReloadAssembly (702ms)
		BeginReloadAssembly (90ms)
			ExecutionOrderSort (0ms)
			DisableScriptedObjects (5ms)
			BackupInstance (0ms)
			ReleaseScriptingObjects (0ms)
			CreateAndSetChildDomain (17ms)
		EndReloadAssembly (541ms)
			LoadAssemblies (59ms)
			RebuildTransferFunctionScriptingTraits (0ms)
			SetupTypeCache (160ms)
			ReleaseScriptCaches (0ms)
			RebuildScriptCaches (53ms)
			SetupLoadedEditorAssemblies (244ms)
				LogAssemblyErrors (0ms)
				InitializePlatformSupportModulesInManaged (9ms)
				SetLoadedEditorAssemblies (0ms)
				RefreshPlugins (0ms)
				BeforeProcessingInitializeOnLoad (42ms)
				ProcessInitializeOnLoadAttributes (163ms)
				ProcessInitializeOnLoadMethodAttributes (27ms)
				AfterProcessingInitializeOnLoad (3ms)
				EditorAssembliesLoaded (0ms)
			ExecutionOrderSort2 (0ms)
			AwakeInstancesAfterBackupRestoration (6ms)
Platform modules already initialized, skipping
========================================================================
Worker process is ready to serve import requests
Launched and connected shader compiler UnityShaderCompiler.exe after 0.05 seconds
Refreshing native plugins compatible for Editor in 0.75 ms, found 2 plugins.
Preloading 0 native plugins for Editor in 0.00 ms.
Unloading 2600 Unused Serialized files (Serialized files now loaded: 0)
Unloading 24 unused Assets / (55.8 KB). Loaded Objects now: 3073.
Memory consumption went from 105.4 MB to 105.4 MB.
Total: 11.356400 ms (FindLiveObjects: 0.292900 ms CreateObjectMapping: 0.193700 ms MarkObjects: 10.765200 ms  DeleteObjects: 0.103100 ms)

AssetImportParameters requested are different than current active one (requested -> active):
  custom:video-decoder-ogg-theora: a1e56fd34408186e4bbccfd4996cb3dc -> 
  custom:container-muxer-webm: aa71ff27fc2769a1b78a27578f13a17b -> 
  custom:container-demuxer-webm: 4f35f7cbe854078d1ac9338744f61a02 -> 
  custom:video-encoder-webm-vp8: eb34c28f22e8b96e1ab97ce403110664 -> 
  custom:audio-encoder-webm-vorbis: bf7c407c2cedff20999df2af8eb42d56 -> 
  custom:framework-win-MediaFoundation: 216162199b28c13a410421893ffa2e32 -> 
  custom:container-demuxer-ogg: 62fdf1f143b41e24485cea50d1cbac27 -> 
  custom:video-decoder-webm-vp8: 9c59270c3fd7afecdb556c50c9e8de78 -> 
  custom:audio-decoder-ogg-vorbis: bf7c407c2cedff20999df2af8eb42d56 -> 
========================================================================
Received Import Request.
  Time since last request: 184332.590860 seconds.
  path: Assets/Scripts
  artifactKey: Guid(836fae34a198c294dad63d4f863ff793) Importer(815301076,1909f56bfc062723c751e8b465ee728b)
Start importing Assets/Scripts using Guid(836fae34a198c294dad63d4f863ff793) Importer(815301076,1909f56bfc062723c751e8b465ee728b)  -> (artifact id: '608089f25414dc76abe37f112f36178a') in 0.027309 seconds 
========================================================================
Received Import Request.
  Time since last request: 0.114196 seconds.
  path: Assets/Scripts/GameController/Room
  artifactKey: Guid(70af5db8436d157468863b759fbcaeaa) Importer(815301076,1909f56bfc062723c751e8b465ee728b)
Start importing Assets/Scripts/GameController/Room using Guid(70af5db8436d157468863b759fbcaeaa) Importer(815301076,1909f56bfc062723c751e8b465ee728b)  -> (artifact id: 'a1217e2084a39dc0d8a72f3a3d1e84cf') in 0.001097 seconds 
========================================================================
Received Import Request.
  Time since last request: 5.121661 seconds.
  path: Assets/Scripts/GameController/GameControllerAbstract.cs
  artifactKey: Guid(5372c00bb7f848e47a208499a3f64ba7) Importer(815301076,1909f56bfc062723c751e8b465ee728b)
Start importing Assets/Scripts/GameController/GameControllerAbstract.cs using Guid(5372c00bb7f848e47a208499a3f64ba7) Importer(815301076,1909f56bfc062723c751e8b465ee728b)  -> (artifact id: 'b04e9363f2a4f97acf45a6a808d352bd') in 0.031105 seconds 
========================================================================
Received Import Request.
  Time since last request: 3.558905 seconds.
  path: Assets/Scripts/GameController/DialogueSystem
  artifactKey: Guid(36167b86771cffe4cbb73d1bba877a2e) Importer(815301076,1909f56bfc062723c751e8b465ee728b)
Start importing Assets/Scripts/GameController/DialogueSystem using Guid(36167b86771cffe4cbb73d1bba877a2e) Importer(815301076,1909f56bfc062723c751e8b465ee728b)  -> (artifact id: '2a941497e6fb61c033b3a50a9fc099df') in 0.001251 seconds 
========================================================================
Received Import Request.
  Time since last request: 4.542252 seconds.
  path: Assets/Scripts/GameController/Experiment
  artifactKey: Guid(bd933dd2a86bde443b96e310b0a4cfde) Importer(815301076,1909f56bfc062723c751e8b465ee728b)
Start importing Assets/Scripts/GameController/Experiment using Guid(bd933dd2a86bde443b96e310b0a4cfde) Importer(815301076,1909f56bfc062723c751e8b465ee728b)  -> (artifact id: 'fd3636c8395ac183a79764ea227fe8d0') in 0.001262 seconds 
========================================================================
Received Import Request.
  Time since last request: 1.588017 seconds.
  path: Assets/Scripts/GameController/Experiment/Editor
  artifactKey: Guid(8ebaccc132348704bafd77d1cf46172e) Importer(815301076,1909f56bfc062723c751e8b465ee728b)
Start importing Assets/Scripts/GameController/Experiment/Editor using Guid(8ebaccc132348704bafd77d1cf46172e) Importer(815301076,1909f56bfc062723c751e8b465ee728b)  -> (artifact id: 'b6bb551c7ffac7a1b8103b3cc015355c') in 0.067145 seconds 
========================================================================
Received Import Request.
  Time since last request: 1.022940 seconds.
  path: Assets/Scripts/GameController/Experiment/Editor/GameControllerTavernOutsideEditor.cs
  artifactKey: Guid(69d152d91d6d42e4e8a494410ada51a0) Importer(815301076,1909f56bfc062723c751e8b465ee728b)
Start importing Assets/Scripts/GameController/Experiment/Editor/GameControllerTavernOutsideEditor.cs using Guid(69d152d91d6d42e4e8a494410ada51a0) Importer(815301076,1909f56bfc062723c751e8b465ee728b)  -> (artifact id: '0348622275d91d90b452551d4e2ccb35') in 0.036629 seconds 
